Determining if the pthread_create exist failed with the following output:
Change Dir: /home/miguelmg/repositorios/vpl/build/CMakeFiles/CMakeTmp

Run Build Command:"/usr/bin/make" "cmTC_750cd/fast"
make[1]: Entering directory '/home/miguelmg/repositorios/vpl/build/CMakeFiles/CMakeTmp'
/usr/bin/make -f CMakeFiles/cmTC_750cd.dir/build.make CMakeFiles/cmTC_750cd.dir/build
make[2]: Entering directory '/home/miguelmg/repositorios/vpl/build/CMakeFiles/CMakeTmp'
Building C object CMakeFiles/cmTC_750cd.dir/CheckSymbolExists.c.o
/usr/bin/cc     -o CMakeFiles/cmTC_750cd.dir/CheckSymbolExists.c.o   -c /home/miguelmg/repositorios/vpl/build/CMakeFiles/CMakeTmp/CheckSymbolExists.c
Linking C executable cmTC_750cd
/usr/bin/cmake -E cmake_link_script CMakeFiles/cmTC_750cd.dir/link.txt --verbose=1
/usr/bin/cc       CMakeFiles/cmTC_750cd.dir/CheckSymbolExists.c.o  -o cmTC_750cd -rdynamic 
CMakeFiles/cmTC_750cd.dir/CheckSymbolExists.c.o: In function `main':
CheckSymbolExists.c:(.text+0x16): undefined reference to `pthread_create'
collect2: error: ld returned 1 exit status
CMakeFiles/cmTC_750cd.dir/build.make:97: recipe for target 'cmTC_750cd' failed
make[2]: *** [cmTC_750cd] Error 1
make[2]: Leaving directory '/home/miguelmg/repositorios/vpl/build/CMakeFiles/CMakeTmp'
Makefile:126: recipe for target 'cmTC_750cd/fast' failed
make[1]: *** [cmTC_750cd/fast] Error 2
make[1]: Leaving directory '/home/miguelmg/repositorios/vpl/build/CMakeFiles/CMakeTmp'

File /home/miguelmg/repositorios/vpl/build/CMakeFiles/CMakeTmp/CheckSymbolExists.c:
/* */
#include <pthread.h>

int main(int argc, char** argv)
{
  (void)argv;
#ifndef pthread_create
  return ((int*)(&pthread_create))[argc];
#else
  (void)argc;
  return 0;
#endif
}

Determining if the function pthread_create exists in the pthreads failed with the following output:
Change Dir: /home/miguelmg/repositorios/vpl/build/CMakeFiles/CMakeTmp

Run Build Command:"/usr/bin/make" "cmTC_52808/fast"
make[1]: Entering directory '/home/miguelmg/repositorios/vpl/build/CMakeFiles/CMakeTmp'
/usr/bin/make -f CMakeFiles/cmTC_52808.dir/build.make CMakeFiles/cmTC_52808.dir/build
make[2]: Entering directory '/home/miguelmg/repositorios/vpl/build/CMakeFiles/CMakeTmp'
Building C object CMakeFiles/cmTC_52808.dir/CheckFunctionExists.c.o
/usr/bin/cc    -DCHECK_FUNCTION_EXISTS=pthread_create   -o CMakeFiles/cmTC_52808.dir/CheckFunctionExists.c.o   -c /usr/share/cmake-3.5/Modules/CheckFunctionExists.c
Linking C executable cmTC_52808
/usr/bin/cmake -E cmake_link_script CMakeFiles/cmTC_52808.dir/link.txt --verbose=1
/usr/bin/cc   -DCHECK_FUNCTION_EXISTS=pthread_create    CMakeFiles/cmTC_52808.dir/CheckFunctionExists.c.o  -o cmTC_52808 -rdynamic -lpthreads 
/usr/bin/ld: cannot find -lpthreads
collect2: error: ld returned 1 exit status
CMakeFiles/cmTC_52808.dir/build.make:97: recipe for target 'cmTC_52808' failed
make[2]: *** [cmTC_52808] Error 1
make[2]: Leaving directory '/home/miguelmg/repositorios/vpl/build/CMakeFiles/CMakeTmp'
Makefile:126: recipe for target 'cmTC_52808/fast' failed
make[1]: *** [cmTC_52808/fast] Error 2
make[1]: Leaving directory '/home/miguelmg/repositorios/vpl/build/CMakeFiles/CMakeTmp'


