Determining if the pthread_create exist failed with the following output:
Change Dir: /home/miguelmg/Documents/CIDETEC/semestre 2/vision 3d/proyecto/pcl test/ICP_NARF/ICP_NARF/build/CMakeFiles/CMakeTmp

Run Build Command:"/usr/bin/make" "cmTC_7e4bb/fast"
/usr/bin/make -f CMakeFiles/cmTC_7e4bb.dir/build.make CMakeFiles/cmTC_7e4bb.dir/build
make[1]: Entering directory '/home/miguelmg/Documents/CIDETEC/semestre 2/vision 3d/proyecto/pcl test/ICP_NARF/ICP_NARF/build/CMakeFiles/CMakeTmp'
Building C object CMakeFiles/cmTC_7e4bb.dir/CheckSymbolExists.c.o
/usr/bin/cc     -o CMakeFiles/cmTC_7e4bb.dir/CheckSymbolExists.c.o   -c "/home/miguelmg/Documents/CIDETEC/semestre 2/vision 3d/proyecto/pcl test/ICP_NARF/ICP_NARF/build/CMakeFiles/CMakeTmp/CheckSymbolExists.c"
Linking C executable cmTC_7e4bb
/usr/bin/cmake -E cmake_link_script CMakeFiles/cmTC_7e4bb.dir/link.txt --verbose=1
/usr/bin/cc       CMakeFiles/cmTC_7e4bb.dir/CheckSymbolExists.c.o  -o cmTC_7e4bb -rdynamic 
CMakeFiles/cmTC_7e4bb.dir/CheckSymbolExists.c.o: In function `main':
CheckSymbolExists.c:(.text+0x16): undefined reference to `pthread_create'
collect2: error: ld returned 1 exit status
CMakeFiles/cmTC_7e4bb.dir/build.make:97: recipe for target 'cmTC_7e4bb' failed
make[1]: *** [cmTC_7e4bb] Error 1
make[1]: Leaving directory '/home/miguelmg/Documents/CIDETEC/semestre 2/vision 3d/proyecto/pcl test/ICP_NARF/ICP_NARF/build/CMakeFiles/CMakeTmp'
Makefile:126: recipe for target 'cmTC_7e4bb/fast' failed
make: *** [cmTC_7e4bb/fast] Error 2

File /home/miguelmg/Documents/CIDETEC/semestre 2/vision 3d/proyecto/pcl test/ICP_NARF/ICP_NARF/build/CMakeFiles/CMakeTmp/CheckSymbolExists.c:
/* */
#include <pthread.h>

int main(int argc, char** argv)
{
  (void)argv;
#ifndef pthread_create
  return ((int*)(&pthread_create))[argc];
#else
  (void)argc;
  return 0;
#endif
}

Determining if the function pthread_create exists in the pthreads failed with the following output:
Change Dir: /home/miguelmg/Documents/CIDETEC/semestre 2/vision 3d/proyecto/pcl test/ICP_NARF/ICP_NARF/build/CMakeFiles/CMakeTmp

Run Build Command:"/usr/bin/make" "cmTC_17ca4/fast"
/usr/bin/make -f CMakeFiles/cmTC_17ca4.dir/build.make CMakeFiles/cmTC_17ca4.dir/build
make[1]: Entering directory '/home/miguelmg/Documents/CIDETEC/semestre 2/vision 3d/proyecto/pcl test/ICP_NARF/ICP_NARF/build/CMakeFiles/CMakeTmp'
Building C object CMakeFiles/cmTC_17ca4.dir/CheckFunctionExists.c.o
/usr/bin/cc    -DCHECK_FUNCTION_EXISTS=pthread_create   -o CMakeFiles/cmTC_17ca4.dir/CheckFunctionExists.c.o   -c /usr/share/cmake-3.5/Modules/CheckFunctionExists.c
Linking C executable cmTC_17ca4
/usr/bin/cmake -E cmake_link_script CMakeFiles/cmTC_17ca4.dir/link.txt --verbose=1
/usr/bin/cc   -DCHECK_FUNCTION_EXISTS=pthread_create    CMakeFiles/cmTC_17ca4.dir/CheckFunctionExists.c.o  -o cmTC_17ca4 -rdynamic -lpthreads 
/usr/bin/ld: cannot find -lpthreads
collect2: error: ld returned 1 exit status
CMakeFiles/cmTC_17ca4.dir/build.make:97: recipe for target 'cmTC_17ca4' failed
make[1]: *** [cmTC_17ca4] Error 1
make[1]: Leaving directory '/home/miguelmg/Documents/CIDETEC/semestre 2/vision 3d/proyecto/pcl test/ICP_NARF/ICP_NARF/build/CMakeFiles/CMakeTmp'
Makefile:126: recipe for target 'cmTC_17ca4/fast' failed
make: *** [cmTC_17ca4/fast] Error 2


